<?xml version="1.0" encoding="UTF-8" ?>
<testsuite errors="3" failures="0" hostname="merychippus" name="tests.eu.synectique.verveine.core.VerveineTest_CommandLineArgs" skipped="0" tests="3" time="0.3" timestamp="2014-12-30T20:16:17">
  <properties>
    <property name="java.vendor" value="Oracle Corporation" />
    <property name="sun.java.launcher" value="SUN_STANDARD" />
    <property name="sun.management.compiler" value="HotSpot 64-Bit Tiered Compilers" />
    <property name="docs.dir" value="/home/anquetil/Documents/RMod/Tools/workspace/verveine.core/docs" />
    <property name="os.name" value="Linux" />
    <property name="sun.boot.class.path" value="/usr/lib/jvm/java-7-openjdk-amd64/jre/lib/resources.jar:/usr/lib/jvm/java-7-openjdk-amd64/jre/lib/rt.jar:/usr/lib/jvm/java-7-openjdk-amd64/jre/lib/sunrsasign.jar:/usr/lib/jvm/java-7-openjdk-amd64/jre/lib/jsse.jar:/usr/lib/jvm/java-7-openjdk-amd64/jre/lib/jce.jar:/usr/lib/jvm/java-7-openjdk-amd64/jre/lib/charsets.jar:/usr/lib/jvm/java-7-openjdk-amd64/jre/lib/rhino.jar:/usr/lib/jvm/java-7-openjdk-amd64/jre/lib/jfr.jar:/usr/lib/jvm/java-7-openjdk-amd64/jre/classes" />
    <property name="sun.desktop" value="gnome" />
    <property name="java.vm.specification.vendor" value="Oracle Corporation" />
    <property name="ant.home" value="/usr/share/ant" />
    <property name="java.runtime.version" value="1.7.0_65-b32" />
    <property name="user.name" value="anquetil" />
    <property name="build.dir" value="/home/anquetil/Documents/RMod/Tools/workspace/verveine.core/bin" />
    <property name="user.language" value="en" />
    <property name="test.report.dir" value="/home/anquetil/Documents/RMod/Tools/workspace/verveine.core/testrep" />
    <property name="sun.boot.library.path" value="/usr/lib/jvm/java-7-openjdk-amd64/jre/lib/amd64" />
    <property name="ant.file.verveine.extractor.java" value="/home/anquetil/Documents/RMod/Tools/workspace/verveine.extractor.java/build.xml" />
    <property name="ant.project.default-target" value="jar" />
    <property name="ant.project.name" value="verveine.core" />
    <property name="java.version" value="1.7.0_65" />
    <property name="user.timezone" value="" />
    <property name="sun.arch.data.model" value="64" />
    <property name="java.endorsed.dirs" value="/usr/lib/jvm/java-7-openjdk-amd64/jre/lib/endorsed" />
    <property name="sun.cpu.isalist" value="" />
    <property name="sun.jnu.encoding" value="UTF-8" />
    <property name="file.encoding.pkg" value="sun.io" />
    <property name="file.separator" value="/" />
    <property name="java.specification.name" value="Java Platform API Specification" />
    <property name="ant.file.verveine.core" value="/home/anquetil/Documents/RMod/Tools/workspace/verveine.core/build.xml" />
    <property name="java.class.version" value="51.0" />
    <property name="user.country" value="US" />
    <property name="java.home" value="/usr/lib/jvm/java-7-openjdk-amd64/jre" />
    <property name="dist.dir" value="/home/anquetil/Documents/RMod/Tools/workspace/verveine.core/lib" />
    <property name="java.vm.info" value="mixed mode" />
    <property name="ant.file" value="/home/anquetil/Documents/RMod/Tools/workspace/verveine.core/build.xml" />
    <property name="os.version" value="3.13.0-40-generic" />
    <property name="path.separator" value=":" />
    <property name="java.vm.version" value="24.65-b04" />
    <property name="ant.library.dir" value="/usr/share/ant/lib" />
    <property name="java.awt.printerjob" value="sun.print.PSPrinterJob" />
    <property name="sun.io.unicode.encoding" value="UnicodeLittle" />
    <property name="awt.toolkit" value="sun.awt.X11.XToolkit" />
    <property name="ant.file.type.verveine.core" value="file" />
    <property name="user.home" value="/home/anquetil" />
    <property name="java.specification.vendor" value="Oracle Corporation" />
    <property name="test.dir" value="/home/anquetil/Documents/RMod/Tools/workspace/verveine.core/src/tests/eu/synectique/verveine/core" />
    <property name="java.library.path" value="/usr/java/packages/lib/amd64:/usr/lib/x86_64-linux-gnu/jni:/lib/x86_64-linux-gnu:/usr/lib/x86_64-linux-gnu:/usr/lib/jni:/lib:/usr/lib" />
    <property name="java.vendor.url" value="http://java.oracle.com/" />
    <property name="java.vm.vendor" value="Oracle Corporation" />
    <property name="java.runtime.name" value="OpenJDK Runtime Environment" />
    <property name="sun.java.command" value="org.apache.tools.ant.taskdefs.optional.junit.JUnitTestRunner tests.eu.synectique.verveine.core.VerveineTest_CommandLineArgs skipNonTests=false filtertrace=true haltOnError=false haltOnFailure=false formatter=org.apache.tools.ant.taskdefs.optional.junit.SummaryJUnitResultFormatter showoutput=false outputtoformatters=true logfailedtests=true logtestlistenerevents=false formatter=org.apache.tools.ant.taskdefs.optional.junit.XMLJUnitResultFormatter,/home/anquetil/Documents/RMod/Tools/workspace/verveine.core/testrep/TEST-tests.eu.synectique.verveine.core.VerveineTest_CommandLineArgs.xml crashfile=/home/anquetil/Documents/RMod/Tools/workspace/verveine.core/junitvmwatcher8926334638691390609.properties propsfile=/home/anquetil/Documents/RMod/Tools/workspace/verveine.core/junit4396951776140277128.properties" />
    <property name="java.class.path" value="/home/anquetil/Documents/RMod/Tools/workspace/verveine.core/bin:/home/anquetil/Documents/RMod/Tools/workspace/verveine.core/lib/akuhn-util-r28011.jar:/home/anquetil/Documents/RMod/Tools/workspace/verveine.core/lib/fame.jar:/home/anquetil/Documents/RMod/Tools/workspace/verveine.core/lib/famix.jar:/home/anquetil/Documents/RMod/Tools/workspace/verveine.core/lib/junit.jar:/home/anquetil/Documents/RMod/Tools/workspace/verveine.core/lib/org.hamcrest.core_1.1.0.v20090501071000.jar:/home/anquetil/Documents/RMod/Tools/workspace/verveine.core/lib/verveine.core.jar:/usr/share/ant/lib/junit.jar:/usr/share/java/ant-launcher-1.9.3.jar:/usr/share/ant/lib/ant.jar:/usr/share/ant/lib/ant-junit.jar:/usr/share/ant/lib/ant-junit4.jar" />
    <property name="ant.version" value="Apache Ant(TM) version 1.9.3 compiled on April 8 2014" />
    <property name="java.vm.specification.name" value="Java Virtual Machine Specification" />
    <property name="ant.file.type" value="file" />
    <property name="java.vm.specification.version" value="1.7" />
    <property name="sun.cpu.endian" value="little" />
    <property name="sun.os.patch.level" value="unknown" />
    <property name="ant.file.type.verveine.extractor.java" value="file" />
    <property name="java.io.tmpdir" value="/tmp" />
    <property name="java.vendor.url.bug" value="http://bugreport.sun.com/bugreport/" />
    <property name="verveine.jar" value="/home/anquetil/Documents/RMod/Tools/workspace/verveine.core/lib/verveine.core.jar" />
    <property name="os.arch" value="amd64" />
    <property name="java.awt.graphicsenv" value="sun.awt.X11GraphicsEnvironment" />
    <property name="java.ext.dirs" value="/usr/lib/jvm/java-7-openjdk-amd64/jre/lib/ext:/usr/java/packages/lib/ext" />
    <property name="user.dir" value="/home/anquetil/Documents/RMod/Tools/workspace/verveine.extractor.java" />
    <property name="line.separator" value="&#xa;" />
    <property name="java.vm.name" value="OpenJDK 64-Bit Server VM" />
    <property name="basedir" value="/home/anquetil/Documents/RMod/Tools/workspace/verveine.core" />
    <property name="ant.java.version" value="1.7" />
    <property name="ant.core.lib" value="/usr/share/ant/lib/ant.jar" />
    <property name="famix.jar" value="/home/anquetil/Documents/RMod/Tools/workspace/verveine.core/lib/famix.jar" />
    <property name="file.encoding" value="UTF-8" />
    <property name="java.specification.version" value="1.7" />
    <property name="src.dir" value="/home/anquetil/Documents/RMod/Tools/workspace/verveine.core/src" />
    <property name="ant.project.invoked-targets" value="junit" />
  </properties>
  <testcase classname="tests.eu.synectique.verveine.core.VerveineTest_CommandLineArgs" name="testOutputArg" time="0.153">
    <error message="Not yet implemented!" type="java.lang.UnsupportedOperationException">java.lang.UnsupportedOperationException: Not yet implemented!
	at eu.synectique.verveine.core.gen.famix.Namespace.getAbstractness(Unknown Source)
	at ch.akuhn.fame.internal.MethodAccess.read(MethodAccess.java:61)
	at ch.akuhn.fame.fm3.PropertyDescription.read(PropertyDescription.java:245)
	at ch.akuhn.fame.fm3.PropertyDescription.readAll(PropertyDescription.java:265)
	at ch.akuhn.fame.internal.RepositoryVisitor.acceptElement(RepositoryVisitor.java:71)
	at ch.akuhn.fame.internal.RepositoryVisitor.acceptVisitor(RepositoryVisitor.java:162)
	at ch.akuhn.fame.internal.RepositoryVisitor.run(RepositoryVisitor.java:207)
	at ch.akuhn.fame.Repository.accept(Repository.java:105)
	at ch.akuhn.fame.Repository.exportMSE(Repository.java:216)
	at eu.synectique.verveine.core.VerveineParser.emitMSE(Unknown Source)
	at eu.synectique.verveine.core.VerveineParser.emitMSE(Unknown Source)
	at eu.synectique.verveine.core.VerveineParser.emitMSE(Unknown Source)
	at tests.eu.synectique.verveine.core.VerveineTest_CommandLineArgs.testOutputArg(Unknown Source)
</error>
  </testcase>
  <testcase classname="tests.eu.synectique.verveine.core.VerveineTest_CommandLineArgs" name="testNoOutputArg" time="0.045">
    <error message="Not yet implemented!" type="java.lang.UnsupportedOperationException">java.lang.UnsupportedOperationException: Not yet implemented!
	at eu.synectique.verveine.core.gen.famix.Namespace.getAbstractness(Unknown Source)
	at ch.akuhn.fame.internal.MethodAccess.read(MethodAccess.java:61)
	at ch.akuhn.fame.fm3.PropertyDescription.read(PropertyDescription.java:245)
	at ch.akuhn.fame.fm3.PropertyDescription.readAll(PropertyDescription.java:265)
	at ch.akuhn.fame.internal.RepositoryVisitor.acceptElement(RepositoryVisitor.java:71)
	at ch.akuhn.fame.internal.RepositoryVisitor.acceptVisitor(RepositoryVisitor.java:162)
	at ch.akuhn.fame.internal.RepositoryVisitor.run(RepositoryVisitor.java:207)
	at ch.akuhn.fame.Repository.accept(Repository.java:105)
	at ch.akuhn.fame.Repository.exportMSE(Repository.java:216)
	at eu.synectique.verveine.core.VerveineParser.emitMSE(Unknown Source)
	at eu.synectique.verveine.core.VerveineParser.emitMSE(Unknown Source)
	at eu.synectique.verveine.core.VerveineParser.emitMSE(Unknown Source)
	at tests.eu.synectique.verveine.core.VerveineTest_CommandLineArgs.testNoOutputArg(Unknown Source)
</error>
  </testcase>
  <testcase classname="tests.eu.synectique.verveine.core.VerveineTest_CommandLineArgs" name="testIncrementArg" time="0.044">
    <error message="Not yet implemented!" type="java.lang.UnsupportedOperationException">java.lang.UnsupportedOperationException: Not yet implemented!
	at eu.synectique.verveine.core.gen.famix.Namespace.getAbstractness(Unknown Source)
	at ch.akuhn.fame.internal.MethodAccess.read(MethodAccess.java:61)
	at ch.akuhn.fame.fm3.PropertyDescription.read(PropertyDescription.java:245)
	at ch.akuhn.fame.fm3.PropertyDescription.readAll(PropertyDescription.java:265)
	at ch.akuhn.fame.internal.RepositoryVisitor.acceptElement(RepositoryVisitor.java:71)
	at ch.akuhn.fame.internal.RepositoryVisitor.acceptVisitor(RepositoryVisitor.java:162)
	at ch.akuhn.fame.internal.RepositoryVisitor.run(RepositoryVisitor.java:207)
	at ch.akuhn.fame.Repository.accept(Repository.java:105)
	at ch.akuhn.fame.Repository.exportMSE(Repository.java:216)
	at eu.synectique.verveine.core.VerveineParser.emitMSE(Unknown Source)
	at eu.synectique.verveine.core.VerveineParser.emitMSE(Unknown Source)
	at eu.synectique.verveine.core.VerveineParser.emitMSE(Unknown Source)
	at tests.eu.synectique.verveine.core.VerveineTest_CommandLineArgs.testIncrementArg(Unknown Source)
</error>
  </testcase>
  <system-out><![CDATA[]]></system-out>
  <system-err><![CDATA[]]></system-err>
</testsuite>
